<?xml version="1.0" encoding="UTF-8"?>
<!-- Generated by org.testng.reporters.JUnitXMLReporter -->
<testsuite hostname="INMAA1-L1005" name="TestNgSeleniumTest" tests="2" failures="0" timestamp="3 Mar 2015 09:50:43 GMT" time="10.271" errors="0">
  <testcase name="searchGoogle" time="4.602" classname="com.javacodegeeks.testng.selenium.TestNGSeleniumDataDrivenSearchExample"/>
  <testcase name="searchGoogle" time="2.464" classname="com.javacodegeeks.testng.selenium.TestNGSeleniumDataDrivenSearchExample"/>
</testsuite> <!-- TestNgSeleniumTest -->
