<?xml version="1.0" encoding="UTF-8"?>
<!-- Generated by org.testng.reporters.JUnitXMLReporter -->
<testsuite hostname="INMAA1-L1005" name="TestNgSeleniumFirefoxTest" tests="2" failures="0" timestamp="2 Mar 2015 17:28:18 GMT" time="10.395" errors="0">
  <testcase name="searchGoogle" time="4.796" classname="com.javacodegeeks.testng.selenium.TestNGSeleniumBrowserCfgExample"/>
  <testcase name="searchGoogle" time="1.984" classname="com.javacodegeeks.testng.selenium.TestNGSeleniumBrowserCfgExample"/>
</testsuite> <!-- TestNgSeleniumFirefoxTest -->
