<?xml version="1.0" encoding="UTF-8"?>
<!-- Generated by org.testng.reporters.JUnitXMLReporter -->
<testsuite hostname="INMAA1-L1005" name="TestNGSpringIntegrationTest" tests="5" failures="0" timestamp="26 Feb 2015 13:16:43 GMT" time="0.743" errors="0">
  <testcase name="insertEmployeeAndCommit" time="0.027" classname="com.javacodegeeks.testng.spring.SpringTestNGTransactionExample"/>
  <testcase name="insertEmployeeUsingSqlAnnotation" time="0.001" classname="com.javacodegeeks.testng.spring.SpringTestNGTransactionExample"/>
  <testcase name="insertEmployeeWithCommitAsDefault" time="0.002" classname="com.javacodegeeks.testng.spring.SpringTestNGTransactionExample"/>
  <testcase name="insertEmployeeWithRollbackAsDefault" time="0.001" classname="com.javacodegeeks.testng.spring.SpringTestNGTransactionExample"/>
  <testcase name="tran" time="0.0" classname="com.javacodegeeks.testng.spring.SpringTestNGTransactionExample"/>
</testsuite> <!-- TestNGSpringIntegrationTest -->
